0 verbose cli /usr/local/bin/node /usr/local/bin/npm
1 info using npm@8.19.4
2 info using node@v16.20.2
3 timing npm:load:whichnode Completed in 4ms
4 timing config:load:defaults Completed in 2ms
5 timing config:load:file:/usr/local/lib/node_modules/npm/npmrc Completed in 26ms
6 timing config:load:builtin Completed in 39ms
7 timing config:load:cli Completed in 3ms
8 timing config:load:env Completed in 0ms
9 info found workspace root at /root
10 timing config:load:project Completed in 912ms
11 timing config:load:file:/root/.npmrc Completed in 7ms
12 timing config:load:user Completed in 9ms
13 timing config:load:file:/usr/local/etc/npmrc Completed in 5ms
14 timing config:load:global Completed in 5ms
15 timing config:load:validate Completed in 3ms
16 timing config:load:credentials Completed in 127ms
17 timing config:load:setEnvs Completed in 2ms
18 timing config:load Completed in 1102ms
19 timing npm:load:configload Completed in 1102ms
20 timing npm:load:mkdirpcache Completed in 55ms
21 timing npm:load:mkdirplogs Completed in 72ms
22 verbose title npm config get registry
23 verbose argv "config" "get" "registry"
24 timing npm:load:setTitle Completed in 23ms
25 timing config:load:flatten Completed in 12ms
26 timing npm:load:display Completed in 13ms
27 verbose logfile logs-max:10 dir:/root/.npm/_logs
28 verbose logfile /root/.npm/_logs/2023-11-05T03_27_49_445Z-debug-0.log
29 timing npm:load:logFile Completed in 389ms
30 timing npm:load:timers Completed in 1ms
31 timing npm:load:configScope Completed in 1ms
32 timing npm:load Completed in 1677ms
33 warn config This command does not support workspaces.
34 timing command:config Completed in 20ms
35 verbose exit 0
36 timing npm Completed in 1750ms
37 info ok
