0 verbose cli /usr/local/bin/node /usr/local/lib/node_modules/npm/bin/npm-cli.js
1 info using npm@8.19.4
2 info using node@v16.20.2
3 timing npm:load:whichnode Completed in 2ms
4 timing config:load:defaults Completed in 28ms
5 timing config:load:file:/usr/local/lib/node_modules/npm/npmrc Completed in 18ms
6 timing config:load:builtin Completed in 18ms
7 timing config:load:cli Completed in 19ms
8 timing config:load:env Completed in 2ms
9 info found workspace root at /root
10 timing config:load:project Completed in 98ms
11 timing config:load:file:/root/.npmrc Completed in 1ms
12 timing config:load:user Completed in 1ms
13 timing config:load:file:/usr/local/etc/npmrc Completed in 1ms
14 timing config:load:global Completed in 2ms
15 timing config:load:validate Completed in 2ms
16 timing config:load:credentials Completed in 5ms
17 timing config:load:setEnvs Completed in 3ms
18 timing config:load Completed in 180ms
19 timing npm:load:configload Completed in 180ms
20 timing npm:load:mkdirpcache Completed in 4ms
21 timing npm:load:mkdirplogs Completed in 8ms
22 verbose title npm exec local-ssl-proxy --config proxy.config.json
23 verbose argv "exec" "--" "local-ssl-proxy" "--config" "proxy.config.json"
24 timing npm:load:setTitle Completed in 3ms
25 timing config:load:flatten Completed in 10ms
26 timing npm:load:display Completed in 13ms
27 verbose logfile logs-max:10 dir:/root/.npm/_logs
28 verbose logfile /root/.npm/_logs/2023-11-06T23_28_42_226Z-debug-0.log
29 timing npm:load:logFile Completed in 18ms
30 timing npm:load:timers Completed in 0ms
31 timing npm:load:configScope Completed in 1ms
32 timing npm:load Completed in 234ms
33 silly logfile done cleaning log files
34 timing arborist:ctor Completed in 2ms
35 http fetch GET 200 https://registry.npmjs.org/npm 38721ms (cache miss)
36 http fetch GET 200 https://registry.npmjs.org/local-ssl-proxy 328ms (cache miss)
37 timing arborist:ctor Completed in 1ms
38 timing arborist:ctor Completed in 1ms
39 timing arborist:ctor Completed in 1ms
